<?xml version="1.0" encoding="UTF-8"?>
<!-- Generated by org.testng.reporters.JUnitReportReporter -->
<testsuite hostname="DESKTOP-9NIDAD7" failures="0" tests="3" name="Inkbox.Tests.Nova_Test" time="223.078" errors="0" timestamp="2022-07-21T09:48:02 EDT" skipped="2">
  <testcase classname="Inkbox.Tests.Nova_Test" name="TC_4979_Verify_Toast" time="223.078"/>
  <system-out/>
  <testcase classname="Inkbox.Tests.Nova_Test" name="TC_4968_Curated_Artist_Validation_Nova">
    <skipped/>
  </testcase> <!-- TC_4968_Curated_Artist_Validation_Nova -->
  <system-out/>
  <testcase classname="Inkbox.Tests.Nova_Test" name="TC_4969_Curated_Categories_Validation_Nova">
    <skipped/>
  </testcase> <!-- TC_4969_Curated_Categories_Validation_Nova -->
  <system-out/>
</testsuite> <!-- Inkbox.Tests.Nova_Test -->
