<?xml version="1.0" encoding="UTF-8"?>
<!-- Generated by org.testng.reporters.JUnitReportReporter -->
<testsuite hostname="DESKTOP-9NIDAD7" failures="0" tests="1" name="Inkbox.Tests.TraceTest" time="58.390" errors="0" timestamp="2022-07-20T13:53:26 EDT" skipped="0">
  <testcase classname="Inkbox.Tests.TraceTest" name="TC_17784_Validate_ViewBox" time="58.390"/>
  <system-out/>
</testsuite> <!-- Inkbox.Tests.TraceTest -->
