<?xml version="1.0" encoding="UTF-8"?>
<!-- Generated by org.testng.reporters.JUnitReportReporter -->
<testsuite hostname="DESKTOP-9NIDAD7" failures="0" tests="1" name="Inkbox.Tests.SubscriptionTest" time="303.224" errors="0" timestamp="2022-07-18T13:27:18 EDT" skipped="0">
  <testcase classname="Inkbox.Tests.SubscriptionTest" name="Validate_Receipts_in_Subscription" time="303.224"/>
  <system-out/>
</testsuite> <!-- Inkbox.Tests.SubscriptionTest -->
