<?xml version="1.0" encoding="UTF-8"?>
<!-- Generated by org.testng.reporters.JUnitReportReporter -->
<testsuite hostname="DESKTOP-9NIDAD7" failures="0" tests="1" name="Inkbox.Tests.TattooMarkerTest" time="180.671" errors="0" timestamp="2022-07-21T11:44:57 EDT" skipped="0">
  <testcase classname="Inkbox.Tests.TattooMarkerTest" name="TC_57759_Adding_ArtistKit_ItemToCart" time="180.671"/>
  <system-out/>
</testsuite> <!-- Inkbox.Tests.TattooMarkerTest -->
