<?xml version="1.0" encoding="UTF-8"?>
<!-- Generated by org.testng.reporters.JUnitReportReporter -->
<testsuite hostname="DESKTOP-9NIDAD7" failures="0" tests="1" name="Inkbox.Tests.AlgoliaTest" time="177.659" errors="0" timestamp="2022-07-06T12:04:54 EDT" skipped="0">
  <testcase classname="Inkbox.Tests.AlgoliaTest" name="TC_4910_Algolia_Varient_Newest" time="177.659"/>
  <system-out/>
</testsuite> <!-- Inkbox.Tests.AlgoliaTest -->
