<?xml version="1.0" encoding="UTF-8"?>
<!-- Generated by org.testng.reporters.JUnitReportReporter -->
<testsuite hostname="DESKTOP-9NIDAD7" failures="0" tests="4" name="Inkbox.Tests.ContentFulTest" time="482.808" errors="0" timestamp="2022-07-25T11:39:27 EDT" skipped="3">
  <testcase classname="Inkbox.Tests.ContentFulTest" name="TC_4912_Verify_PopularCategeories_ContentFul" time="482.808"/>
  <system-out/>
  <testcase classname="Inkbox.Tests.ContentFulTest" name="TC_4945_Verify_HomePage_Order_ContentFul">
    <skipped/>
  </testcase> <!-- TC_4945_Verify_HomePage_Order_ContentFul -->
  <system-out/>
  <testcase classname="Inkbox.Tests.ContentFulTest" name="TC_4947_Verify_ShopByProduct_ContentFul">
    <skipped/>
  </testcase> <!-- TC_4947_Verify_ShopByProduct_ContentFul -->
  <system-out/>
  <testcase classname="Inkbox.Tests.ContentFulTest" name="TC_4946_Verify_ShopBySection_ContentFul">
    <skipped/>
  </testcase> <!-- TC_4946_Verify_ShopBySection_ContentFul -->
  <system-out/>
</testsuite> <!-- Inkbox.Tests.ContentFulTest -->
