<?xml version="1.0" encoding="UTF-8"?>
<!-- Generated by org.testng.reporters.JUnitReportReporter -->
<testsuite hostname="DESKTOP-9NIDAD7" failures="0" tests="1" name="Inkbox.Tests.SaleTest" time="333.272" errors="0" timestamp="2022-07-13T12:46:41 EDT" skipped="0">
  <testcase classname="Inkbox.Tests.SaleTest" name="Adding_ProductFrom_Sale_To_Cart_through_PDP_Validate_Checkout" time="333.272"/>
  <system-out/>
</testsuite> <!-- Inkbox.Tests.SaleTest -->
