<?xml version="1.0" encoding="UTF-8"?>
<!-- Generated by org.testng.reporters.JUnitReportReporter -->
<testsuite hostname="DESKTOP-9NIDAD7" failures="0" tests="1" name="Inkbox.Tests.LoginTest" time="365.648" errors="0" timestamp="2022-07-19T13:49:22 EDT" skipped="0">
  <testcase classname="Inkbox.Tests.LoginTest" name="TC_4959_LoginWithDirectUser" time="365.648"/>
  <system-out/>
</testsuite> <!-- Inkbox.Tests.LoginTest -->
