<?xml version="1.0" encoding="UTF-8"?>
<!-- Generated by org.testng.reporters.JUnitReportReporter -->
<testsuite hostname="DESKTOP-9NIDAD7" failures="0" tests="5" name="Inkbox.Tests.SignUpTest" time="549.159" errors="0" timestamp="2022-02-25T01:25:05 EST" skipped="0">
  <testcase classname="Inkbox.Tests.SignUpTest" name="TC_4879_SignUp" time="104.553"/>
  <system-out/>
  <testcase classname="Inkbox.Tests.SignUpTest" name="TC_4879_SignUp" time="113.718"/>
  <system-out/>
  <testcase classname="Inkbox.Tests.SignUpTest" name="TC_4879_SignUp" time="109.936"/>
  <system-out/>
  <testcase classname="Inkbox.Tests.SignUpTest" name="TC_4879_SignUp" time="110.563"/>
  <system-out/>
  <testcase classname="Inkbox.Tests.SignUpTest" name="TC_4879_SignUp" time="110.389"/>
  <system-out/>
</testsuite> <!-- Inkbox.Tests.SignUpTest -->
