<?xml version="1.0" encoding="UTF-8"?>
<!-- Generated by org.testng.reporters.JUnitReportReporter -->
<testsuite hostname="DESKTOP-9NIDAD7" failures="0" tests="2" name="Inkbox.Tests.TestWebsiteTest" time="39.819" errors="0" timestamp="2021-11-25T13:52:52 EST" skipped="0">
  <testcase classname="Inkbox.Tests.TestWebsiteTest" name="Browser_Ticket_2053" time="17.448"/>
  <system-out/>
  <testcase classname="Inkbox.Tests.TestWebsiteTest" name="Verify_ItemAddedToFavourites_Guestuser" time="22.371"/>
  <system-out/>
</testsuite> <!-- Inkbox.Tests.TestWebsiteTest -->
