<?xml version="1.0" encoding="UTF-8"?>
<!-- Generated by org.testng.reporters.JUnitReportReporter -->
<testsuite hostname="DESKTOP-9NIDAD7" failures="0" tests="1" name="Inkbox.Tests.CartTest" time="448.018" errors="0" timestamp="2022-07-19T12:01:46 EDT" skipped="0">
  <testcase classname="Inkbox.Tests.CartTest" name="TC_7483_LearnMoreSectionTieredDiscountsBannerInCart" time="448.018"/>
  <system-out/>
</testsuite> <!-- Inkbox.Tests.CartTest -->
