<?xml version="1.0" encoding="UTF-8"?>
<!-- Generated by org.testng.reporters.JUnitReportReporter -->
<testsuite hostname="DESKTOP-9NIDAD7" failures="0" tests="2" name="Inkbox.Tests.PickedForYouTest" time="394.791" errors="0" timestamp="2022-06-28T02:27:54 EDT" skipped="0">
  <testcase classname="Inkbox.Tests.PickedForYouTest" name="TC_10200_PickedForYou_Validation" time="53.947"/>
  <system-out/>
  <testcase classname="Inkbox.Tests.PickedForYouTest" name="TC_10208_Adding_ProductToCartFromPickForYou" time="340.844"/>
  <system-out/>
</testsuite> <!-- Inkbox.Tests.PickedForYouTest -->
