<?xml version="1.0" encoding="UTF-8"?>
<!-- Generated by org.testng.reporters.JUnitReportReporter -->
<testsuite hostname="DESKTOP-9NIDAD7" failures="0" tests="1" name="Inkbox.Tests.AccountTest" time="464.243" errors="0" timestamp="2022-07-25T12:51:45 EDT" skipped="0">
  <testcase classname="Inkbox.Tests.AccountTest" name="Validate_Navigation_URL_ArtistPortal" time="464.243"/>
  <system-out/>
</testsuite> <!-- Inkbox.Tests.AccountTest -->
