<?xml version="1.0" encoding="UTF-8"?>
<!-- Generated by org.testng.reporters.JUnitReportReporter -->
<testsuite hostname="DESKTOP-9NIDAD7" failures="0" tests="1" name="Inkbox.Tests.QuizTest" time="530.310" errors="0" timestamp="2022-07-14T13:25:37 EDT" skipped="0">
  <testcase classname="Inkbox.Tests.QuizTest" name="TC_5089_Validate_RetakeQuiz_AfterCompletionOfQuiz" time="530.310"/>
  <system-out/>
</testsuite> <!-- Inkbox.Tests.QuizTest -->
