<?xml version="1.0" encoding="UTF-8"?>
<!-- Generated by org.testng.reporters.JUnitReportReporter -->
<testsuite hostname="DESKTOP-9NIDAD7" failures="1" tests="1" name="Inkbox.Tests.GeoLocationTest" time="467.154" errors="0" timestamp="2022-07-24T11:02:39 EDT" skipped="0">
  <testcase classname="Inkbox.Tests.GeoLocationTest" name="TC_13222_PriceValidation_CustomProduct_Geolocation" time="467.154">
    <failure type="java.lang.AssertionError">
      <![CDATA[java.lang.AssertionError
at org.junit.Assert.fail(Assert.java:86)
at org.junit.Assert.fail(Assert.java:95)
at Helpers.ControlHelpers.getText(ControlHelpers.java:265)
at Inkbox.Pages.ProductsPage.Adding_CustomProductToCart_returnPrice(ProductsPage.java:1996)
at Inkbox.Pages.GeoLocationPage.PriceValidation_Custom_Checkout(GeoLocationPage.java:303)
at Inkbox.Tests.GeoLocationTest.TC_13222_PriceValidation_CustomProduct_Geolocation(GeoLocationTest.java:130)
at java.base/jdk.internal.reflect.NativeMethodAccessorImpl.invoke0(Native Method)
at java.base/jdk.internal.reflect.NativeMethodAccessorImpl.invoke(NativeMethodAccessorImpl.java:78)
at java.base/jdk.internal.reflect.DelegatingMethodAccessorImpl.invoke(DelegatingMethodAccessorImpl.java:43)
at java.base/java.lang.reflect.Method.invoke(Method.java:567)
at org.testng.internal.MethodInvocationHelper.invokeMethod(MethodInvocationHelper.java:133)
at org.testng.internal.TestInvoker.invokeMethod(TestInvoker.java:598)
at org.testng.internal.TestInvoker.invokeTestMethod(TestInvoker.java:173)
at org.testng.internal.MethodRunner.runInSequence(MethodRunner.java:46)
at org.testng.internal.TestInvoker$MethodInvocationAgent.invoke(TestInvoker.java:824)
at org.testng.internal.TestInvoker.invokeTestMethods(TestInvoker.java:146)
at org.testng.internal.TestMethodWorker.invokeTestMethods(TestMethodWorker.java:146)
at org.testng.internal.TestMethodWorker.run(TestMethodWorker.java:128)
at java.base/java.util.concurrent.ThreadPoolExecutor.runWorker(ThreadPoolExecutor.java:1130)
at java.base/java.util.concurrent.ThreadPoolExecutor$Worker.run(ThreadPoolExecutor.java:630)
at java.base/java.lang.Thread.run(Thread.java:831)
]]>
    </failure>
  </testcase> <!-- TC_13222_PriceValidation_CustomProduct_Geolocation -->
  <system-out/>
</testsuite> <!-- Inkbox.Tests.GeoLocationTest -->
